<?xml version="1.0" encoding="UTF-8"?>
<!-- Generated by org.testng.reporters.JUnitXMLReporter -->
<testsuite ignored="0" hostname="DESKTOP-R41D36J" failures="0" tests="10" name="Test" time="106.679" errors="0" timestamp="11 Mar 2024 11:49:24 GMT">
  <testcase classname="com.sqa.qa.testcases.CustomerLoginTest" name="customerlogin" time="2.638"/>
  <testcase classname="com.sqa.qa.testcases.AddCustomerTest" name="AddCustomer_NotExist" time="1.75"/>
  <testcase classname="com.sqa.qa.testcases.OpenAccountPageTest" name="OpenAccount" time="2.971"/>
  <testcase classname="com.sqa.qa.testcases.TransactionsPageTest" name="Verify_Deposit_With_ValideAmmount" time="1.933"/>
  <testcase classname="com.sqa.qa.testcases.AccountPageTest" name="Verify_Deposit_With_ValideAmmount" time="3.542"/>
  <testcase classname="com.sqa.qa.testcases.AddCustomerTest" name="AddCustomer_Exist" time="3.453"/>
  <testcase classname="com.sqa.qa.testcases.AccountPageTest" name="Verify_Deposit_With_InValideAmmount" time="2.83"/>
  <testcase classname="com.sqa.qa.testcases.AccountPageTest" name="Verify_Withdraw_With_ValideAmmount" time="13.952"/>
  <testcase classname="com.sqa.qa.testcases.AccountPageTest" name="Verify_Withdraw_With_InValideAmmount" time="11.983"/>
  <testcase classname="com.sqa.qa.testcases.AccountPageTest" name="Verify_Withdraw_With_InSufficient" time="14.33"/>
</testsuite> <!-- Test -->
