<?xml version="1.0" encoding="UTF-8"?>
<testng-results ignored="0" total="10" passed="10" failed="0" skipped="0">
  <reporter-output>
  </reporter-output>
  <suite started-at="2024-03-11T11:47:37Z" name="Suite" finished-at="2024-03-11T11:49:24Z" duration-ms="106679">
    <groups>
    </groups>
    <test started-at="2024-03-11T11:47:37Z" name="Test" finished-at="2024-03-11T11:49:24Z" duration-ms="106679">
      <class name="com.sqa.qa.testcases.TransactionsPageTest">
        <test-method is-config="true" signature="setUp()[pri:0, instance:com.sqa.qa.testcases.TransactionsPageTest@183ec003]" started-at="2024-03-11T17:17:58Z" name="setUp" finished-at="2024-03-11T17:18:03Z" duration-ms="4371" status="PASS">
          <reporter-output>
          </reporter-output>
        </test-method> <!-- setUp -->
        <test-method signature="Verify_Deposit_With_ValideAmmount()[pri:1, instance:com.sqa.qa.testcases.TransactionsPageTest@183ec003]" started-at="2024-03-11T17:18:03Z" name="Verify_Deposit_With_ValideAmmount" finished-at="2024-03-11T17:18:05Z" duration-ms="1933" status="PASS">
          <reporter-output>
          </reporter-output>
        </test-method> <!-- Verify_Deposit_With_ValideAmmount -->
        <test-method is-config="true" signature="tearDown()[pri:0, instance:com.sqa.qa.testcases.TransactionsPageTest@183ec003]" started-at="2024-03-11T17:18:05Z" name="tearDown" finished-at="2024-03-11T17:18:05Z" duration-ms="277" status="PASS">
          <reporter-output>
          </reporter-output>
        </test-method> <!-- tearDown -->
      </class> <!-- com.sqa.qa.testcases.TransactionsPageTest -->
      <class name="com.sqa.qa.testcases.AddCustomerTest">
        <test-method is-config="true" signature="setUp()[pri:0, instance:com.sqa.qa.testcases.AddCustomerTest@231f98ef]" started-at="2024-03-11T17:17:46Z" name="setUp" finished-at="2024-03-11T17:17:49Z" duration-ms="3952" status="PASS">
          <reporter-output>
          </reporter-output>
        </test-method> <!-- setUp -->
        <test-method signature="AddCustomer_NotExist()[pri:1, instance:com.sqa.qa.testcases.AddCustomerTest@231f98ef]" started-at="2024-03-11T17:17:49Z" name="AddCustomer_NotExist" finished-at="2024-03-11T17:17:51Z" duration-ms="1750" status="PASS">
          <reporter-output>
          </reporter-output>
        </test-method> <!-- AddCustomer_NotExist -->
        <test-method is-config="true" signature="tearDown()[pri:0, instance:com.sqa.qa.testcases.AddCustomerTest@231f98ef]" started-at="2024-03-11T17:17:51Z" name="tearDown" finished-at="2024-03-11T17:17:52Z" duration-ms="358" status="PASS">
          <reporter-output>
          </reporter-output>
        </test-method> <!-- tearDown -->
        <test-method is-config="true" signature="setUp()[pri:0, instance:com.sqa.qa.testcases.AddCustomerTest@231f98ef]" started-at="2024-03-11T17:18:14Z" name="setUp" finished-at="2024-03-11T17:18:18Z" duration-ms="4034" status="PASS">
          <reporter-output>
          </reporter-output>
        </test-method> <!-- setUp -->
        <test-method signature="AddCustomer_Exist()[pri:2, instance:com.sqa.qa.testcases.AddCustomerTest@231f98ef]" started-at="2024-03-11T17:18:18Z" name="AddCustomer_Exist" finished-at="2024-03-11T17:18:21Z" depends-on-methods="com.sqa.qa.testcases.AddCustomerTest.AddCustomer_NotExist" duration-ms="3453" status="PASS">
          <reporter-output>
          </reporter-output>
        </test-method> <!-- AddCustomer_Exist -->
        <test-method is-config="true" signature="tearDown()[pri:0, instance:com.sqa.qa.testcases.AddCustomerTest@231f98ef]" started-at="2024-03-11T17:18:21Z" name="tearDown" finished-at="2024-03-11T17:18:22Z" duration-ms="267" status="PASS">
          <reporter-output>
          </reporter-output>
        </test-method> <!-- tearDown -->
      </class> <!-- com.sqa.qa.testcases.AddCustomerTest -->
      <class name="com.sqa.qa.testcases.OpenAccountPageTest">
        <test-method is-config="true" signature="setUp()[pri:0, instance:com.sqa.qa.testcases.OpenAccountPageTest@7c137fd5]" started-at="2024-03-11T17:17:52Z" name="setUp" finished-at="2024-03-11T17:17:55Z" duration-ms="3557" status="PASS">
          <reporter-output>
          </reporter-output>
        </test-method> <!-- setUp -->
        <test-method signature="OpenAccount()[pri:1, instance:com.sqa.qa.testcases.OpenAccountPageTest@7c137fd5]" started-at="2024-03-11T17:17:55Z" name="OpenAccount" finished-at="2024-03-11T17:17:58Z" duration-ms="2971" status="PASS">
          <reporter-output>
          </reporter-output>
        </test-method> <!-- OpenAccount -->
        <test-method is-config="true" signature="tearDown()[pri:0, instance:com.sqa.qa.testcases.OpenAccountPageTest@7c137fd5]" started-at="2024-03-11T17:17:58Z" name="tearDown" finished-at="2024-03-11T17:17:58Z" duration-ms="317" status="PASS">
          <reporter-output>
          </reporter-output>
        </test-method> <!-- tearDown -->
      </class> <!-- com.sqa.qa.testcases.OpenAccountPageTest -->
      <class name="com.sqa.qa.testcases.CustomerLoginTest">
        <test-method is-config="true" signature="setUp()[pri:0, instance:com.sqa.qa.testcases.CustomerLoginTest@31ea9581]" started-at="2024-03-11T17:17:37Z" name="setUp" finished-at="2024-03-11T17:17:42Z" duration-ms="5586" status="PASS">
          <reporter-output>
          </reporter-output>
        </test-method> <!-- setUp -->
        <test-method signature="customerlogin()[pri:1, instance:com.sqa.qa.testcases.CustomerLoginTest@31ea9581]" started-at="2024-03-11T17:17:42Z" name="customerlogin" finished-at="2024-03-11T17:17:45Z" duration-ms="2638" status="PASS">
          <reporter-output>
          </reporter-output>
        </test-method> <!-- customerlogin -->
        <test-method is-config="true" signature="tearDown()[pri:0, instance:com.sqa.qa.testcases.CustomerLoginTest@31ea9581]" started-at="2024-03-11T17:17:45Z" name="tearDown" finished-at="2024-03-11T17:17:46Z" duration-ms="377" status="PASS">
          <reporter-output>
          </reporter-output>
        </test-method> <!-- tearDown -->
      </class> <!-- com.sqa.qa.testcases.CustomerLoginTest -->
      <class name="com.sqa.qa.testcases.AccountPageTest">
        <test-method is-config="true" signature="setUp()[pri:0, instance:com.sqa.qa.testcases.AccountPageTest@7d9d0818]" started-at="2024-03-11T17:18:05Z" name="setUp" finished-at="2024-03-11T17:18:10Z" duration-ms="4938" status="PASS">
          <reporter-output>
          </reporter-output>
        </test-method> <!-- setUp -->
        <test-method signature="Verify_Deposit_With_ValideAmmount()[pri:1, instance:com.sqa.qa.testcases.AccountPageTest@7d9d0818]" started-at="2024-03-11T17:18:10Z" name="Verify_Deposit_With_ValideAmmount" finished-at="2024-03-11T17:18:13Z" duration-ms="3542" status="PASS">
          <reporter-output>
          </reporter-output>
        </test-method> <!-- Verify_Deposit_With_ValideAmmount -->
        <test-method is-config="true" signature="tearDown()[pri:0, instance:com.sqa.qa.testcases.AccountPageTest@7d9d0818]" started-at="2024-03-11T17:18:13Z" name="tearDown" finished-at="2024-03-11T17:18:14Z" duration-ms="263" status="PASS">
          <reporter-output>
          </reporter-output>
        </test-method> <!-- tearDown -->
        <test-method is-config="true" signature="setUp()[pri:0, instance:com.sqa.qa.testcases.AccountPageTest@7d9d0818]" started-at="2024-03-11T17:18:22Z" name="setUp" finished-at="2024-03-11T17:18:26Z" duration-ms="4437" status="PASS">
          <reporter-output>
          </reporter-output>
        </test-method> <!-- setUp -->
        <test-method signature="Verify_Deposit_With_InValideAmmount()[pri:2, instance:com.sqa.qa.testcases.AccountPageTest@7d9d0818]" started-at="2024-03-11T17:18:26Z" name="Verify_Deposit_With_InValideAmmount" finished-at="2024-03-11T17:18:29Z" duration-ms="2830" status="PASS">
          <reporter-output>
          </reporter-output>
        </test-method> <!-- Verify_Deposit_With_InValideAmmount -->
        <test-method is-config="true" signature="tearDown()[pri:0, instance:com.sqa.qa.testcases.AccountPageTest@7d9d0818]" started-at="2024-03-11T17:18:29Z" name="tearDown" finished-at="2024-03-11T17:18:29Z" duration-ms="306" status="PASS">
          <reporter-output>
          </reporter-output>
        </test-method> <!-- tearDown -->
        <test-method is-config="true" signature="setUp()[pri:0, instance:com.sqa.qa.testcases.AccountPageTest@7d9d0818]" started-at="2024-03-11T17:18:29Z" name="setUp" finished-at="2024-03-11T17:18:33Z" duration-ms="4320" status="PASS">
          <reporter-output>
          </reporter-output>
        </test-method> <!-- setUp -->
        <test-method signature="Verify_Withdraw_With_ValideAmmount()[pri:3, instance:com.sqa.qa.testcases.AccountPageTest@7d9d0818]" started-at="2024-03-11T17:18:33Z" name="Verify_Withdraw_With_ValideAmmount" finished-at="2024-03-11T17:18:47Z" duration-ms="13952" status="PASS">
          <reporter-output>
          </reporter-output>
        </test-method> <!-- Verify_Withdraw_With_ValideAmmount -->
        <test-method is-config="true" signature="tearDown()[pri:0, instance:com.sqa.qa.testcases.AccountPageTest@7d9d0818]" started-at="2024-03-11T17:18:47Z" name="tearDown" finished-at="2024-03-11T17:18:48Z" duration-ms="266" status="PASS">
          <reporter-output>
          </reporter-output>
        </test-method> <!-- tearDown -->
        <test-method is-config="true" signature="setUp()[pri:0, instance:com.sqa.qa.testcases.AccountPageTest@7d9d0818]" started-at="2024-03-11T17:18:48Z" name="setUp" finished-at="2024-03-11T17:18:52Z" duration-ms="4462" status="PASS">
          <reporter-output>
          </reporter-output>
        </test-method> <!-- setUp -->
        <test-method signature="Verify_Withdraw_With_InValideAmmount()[pri:4, instance:com.sqa.qa.testcases.AccountPageTest@7d9d0818]" started-at="2024-03-11T17:18:52Z" name="Verify_Withdraw_With_InValideAmmount" finished-at="2024-03-11T17:19:04Z" duration-ms="11983" status="PASS">
          <reporter-output>
          </reporter-output>
        </test-method> <!-- Verify_Withdraw_With_InValideAmmount -->
        <test-method is-config="true" signature="tearDown()[pri:0, instance:com.sqa.qa.testcases.AccountPageTest@7d9d0818]" started-at="2024-03-11T17:19:04Z" name="tearDown" finished-at="2024-03-11T17:19:04Z" duration-ms="304" status="PASS">
          <reporter-output>
          </reporter-output>
        </test-method> <!-- tearDown -->
        <test-method is-config="true" signature="setUp()[pri:0, instance:com.sqa.qa.testcases.AccountPageTest@7d9d0818]" started-at="2024-03-11T17:19:04Z" name="setUp" finished-at="2024-03-11T17:19:09Z" duration-ms="4393" status="PASS">
          <reporter-output>
          </reporter-output>
        </test-method> <!-- setUp -->
        <test-method signature="Verify_Withdraw_With_InSufficient()[pri:5, instance:com.sqa.qa.testcases.AccountPageTest@7d9d0818]" started-at="2024-03-11T17:19:09Z" name="Verify_Withdraw_With_InSufficient" finished-at="2024-03-11T17:19:23Z" duration-ms="14330" status="PASS">
          <reporter-output>
          </reporter-output>
        </test-method> <!-- Verify_Withdraw_With_InSufficient -->
        <test-method is-config="true" signature="tearDown()[pri:0, instance:com.sqa.qa.testcases.AccountPageTest@7d9d0818]" started-at="2024-03-11T17:19:23Z" name="tearDown" finished-at="2024-03-11T17:19:24Z" duration-ms="438" status="PASS">
          <reporter-output>
          </reporter-output>
        </test-method> <!-- tearDown -->
      </class> <!-- com.sqa.qa.testcases.AccountPageTest -->
    </test> <!-- Test -->
  </suite> <!-- Suite -->
</testng-results>
